This is pdfTeX, Version 3.141592653-2.6-1.40.26 (TeX Live 2025/dev/Debian) (preloaded format=pdflatex 2024.10.22)  2 NOV 2024 20:19
entering extended mode
 restricted \write18 enabled.
 %&-line parsing enabled.
**ENGINEERING_MATHS_SOL.TEX
(./ENGINEERING_MATHS_SOL.TEX
LaTeX2e <2024-06-01> patch level 2
L3 programming layer <2024-08-16>
(/usr/share/texlive/texmf-dist/tex/latex/base/article.cls
Document Class: article 2024/02/08 v1.4n Standard LaTeX document class
(/usr/share/texlive/texmf-dist/tex/latex/base/size10.clo
File: size10.clo 2024/02/08 v1.4n Standard LaTeX file (size option)
)
\c@part=\count194
\c@section=\count195
\c@subsection=\count196
\c@subsubsection=\count197
\c@paragraph=\count198
\c@subparagraph=\count199
\c@figure=\count266
\c@table=\count267
\abovecaptionskip=\skip49
\belowcaptionskip=\skip50
\bibindent=\dimen141
)
(/usr/share/texlive/texmf-dist/tex/latex/amsmath/amsmath.sty
Package: amsmath 2024/05/23 v2.17q AMS math features
\@mathmargin=\skip51

For additional information on amsmath, use the `?' option.
(/usr/share/texlive/texmf-dist/tex/latex/amsmath/amstext.sty
Package: amstext 2021/08/26 v2.01 AMS text

(/usr/share/texlive/texmf-dist/tex/latex/amsmath/amsgen.sty
File: amsgen.sty 1999/11/30 v2.0 generic functions
\@emptytoks=\toks17
\ex@=\dimen142
))
(/usr/share/texlive/texmf-dist/tex/latex/amsmath/amsbsy.sty
Package: amsbsy 1999/11/29 v1.2d Bold Symbols
\pmbraise@=\dimen143
)
(/usr/share/texlive/texmf-dist/tex/latex/amsmath/amsopn.sty
Package: amsopn 2022/04/08 v2.04 operator names
)
\inf@bad=\count268
LaTeX Info: Redefining \frac on input line 233.
\uproot@=\count269
\leftroot@=\count270
LaTeX Info: Redefining \overline on input line 398.
LaTeX Info: Redefining \colon on input line 409.
\classnum@=\count271
\DOTSCASE@=\count272
LaTeX Info: Redefining \ldots on input line 495.
LaTeX Info: Redefining \dots on input line 498.
LaTeX Info: Redefining \cdots on input line 619.
\Mathstrutbox@=\box52
\strutbox@=\box53
LaTeX Info: Redefining \big on input line 721.
LaTeX Info: Redefining \Big on input line 722.
LaTeX Info: Redefining \bigg on input line 723.
LaTeX Info: Redefining \Bigg on input line 724.
\big@size=\dimen144
LaTeX Font Info:    Redeclaring font encoding OML on input line 742.
LaTeX Font Info:    Redeclaring font encoding OMS on input line 743.
\macc@depth=\count273
LaTeX Info: Redefining \bmod on input line 904.
LaTeX Info: Redefining \pmod on input line 909.
LaTeX Info: Redefining \smash on input line 939.
LaTeX Info: Redefining \relbar on input line 969.
LaTeX Info: Redefining \Relbar on input line 970.
\c@MaxMatrixCols=\count274
\dotsspace@=\muskip17
\c@parentequation=\count275
\dspbrk@lvl=\count276
\tag@help=\toks18
\row@=\count277
\column@=\count278
\maxfields@=\count279
\andhelp@=\toks19
\eqnshift@=\dimen145
\alignsep@=\dimen146
\tagshift@=\dimen147
\tagwidth@=\dimen148
\totwidth@=\dimen149
\lineht@=\dimen150
\@envbody=\toks20
\multlinegap=\skip52
\multlinetaggap=\skip53
\mathdisplay@stack=\toks21
LaTeX Info: Redefining \[ on input line 2953.
LaTeX Info: Redefining \] on input line 2954.
)
(/usr/share/texlive/texmf-dist/tex/latex/amsfonts/amsfonts.sty
Package: amsfonts 2013/01/14 v3.01 Basic AMSFonts support
\symAMSa=\mathgroup4
\symAMSb=\mathgroup5
LaTeX Font Info:    Redeclaring math symbol \hbar on input line 98.
LaTeX Font Info:    Overwriting math alphabet `\mathfrak' in version `bold'
(Font)                  U/euf/m/n --> U/euf/b/n on input line 106.
)
(/usr/share/texlive/texmf-dist/tex/latex/amsfonts/amssymb.sty
Package: amssymb 2013/01/14 v3.01 AMS font symbols
)
(/usr/share/texlive/texmf-dist/tex/latex/geometry/geometry.sty
Package: geometry 2020/01/02 v5.9 Page Geometry

(/usr/share/texlive/texmf-dist/tex/latex/graphics/keyval.sty
Package: keyval 2022/05/29 v1.15 key=value parser (DPC)
\KV@toks@=\toks22
)
(/usr/share/texlive/texmf-dist/tex/generic/iftex/ifvtex.sty
Package: ifvtex 2019/10/25 v1.7 ifvtex legacy package. Use iftex instead.

(/usr/share/texlive/texmf-dist/tex/generic/iftex/iftex.sty
Package: iftex 2022/02/03 v1.0f TeX engine tests
))
\Gm@cnth=\count280
\Gm@cntv=\count281
\c@Gm@tempcnt=\count282
\Gm@bindingoffset=\dimen151
\Gm@wd@mp=\dimen152
\Gm@odd@mp=\dimen153
\Gm@even@mp=\dimen154
\Gm@layoutwidth=\dimen155
\Gm@layoutheight=\dimen156
\Gm@layouthoffset=\dimen157
\Gm@layoutvoffset=\dimen158
\Gm@dimlist=\toks23
)
(/usr/share/texlive/texmf-dist/tex/latex/fancyhdr/fancyhdr.sty
Package: fancyhdr 2024/07/23 v4.3.1 Extensive control of page headers and foote
rs
\f@nch@headwidth=\skip54
\f@nch@O@elh=\skip55
\f@nch@O@erh=\skip56
\f@nch@O@olh=\skip57
\f@nch@O@orh=\skip58
\f@nch@O@elf=\skip59
\f@nch@O@erf=\skip60
\f@nch@O@olf=\skip61
\f@nch@O@orf=\skip62
)
(/usr/share/texlive/texmf-dist/tex/latex/l3backend/l3backend-pdftex.def
File: l3backend-pdftex.def 2024-05-08 L3 backend support: PDF output (pdfTeX)
\l__color_backend_stack_int=\count283
\l__pdf_internal_box=\box54
)
No file ENGINEERING_MATHS_SOL.aux.
\openout1 = `ENGINEERING_MATHS_SOL.aux'.

LaTeX Font Info:    Checking defaults for OML/cmm/m/it on input line 20.
LaTeX Font Info:    ... okay on input line 20.
LaTeX Font Info:    Checking defaults for OMS/cmsy/m/n on input line 20.
LaTeX Font Info:    ... okay on input line 20.
LaTeX Font Info:    Checking defaults for OT1/cmr/m/n on input line 20.
LaTeX Font Info:    ... okay on input line 20.
LaTeX Font Info:    Checking defaults for T1/cmr/m/n on input line 20.
LaTeX Font Info:    ... okay on input line 20.
LaTeX Font Info:    Checking defaults for TS1/cmr/m/n on input line 20.
LaTeX Font Info:    ... okay on input line 20.
LaTeX Font Info:    Checking defaults for OMX/cmex/m/n on input line 20.
LaTeX Font Info:    ... okay on input line 20.
LaTeX Font Info:    Checking defaults for U/cmr/m/n on input line 20.
LaTeX Font Info:    ... okay on input line 20.
*geometry* driver: auto-detecting
*geometry* detected driver: pdftex
*geometry* verbose mode - [ preamble ] result:
* driver: pdftex
* paper: a4paper
* layout: <same size as paper>
* layoutoffset:(h,v)=(0.0pt,0.0pt)
* modes: 
* h-part:(L,W,R)=(72.26999pt, 452.9679pt, 72.26999pt)
* v-part:(T,H,B)=(72.26999pt, 700.50687pt, 72.26999pt)
* \paperwidth=597.50787pt
* \paperheight=845.04684pt
* \textwidth=452.9679pt
* \textheight=700.50687pt
* \oddsidemargin=0.0pt
* \evensidemargin=0.0pt
* \topmargin=-37.0pt
* \headheight=12.0pt
* \headsep=25.0pt
* \topskip=10.0pt
* \footskip=30.0pt
* \marginparwidth=65.0pt
* \marginparsep=11.0pt
* \columnsep=10.0pt
* \skip\footins=9.0pt plus 4.0pt minus 2.0pt
* \hoffset=0.0pt
* \voffset=0.0pt
* \mag=1000
* \@twocolumnfalse
* \@twosidefalse
* \@mparswitchfalse
* \@reversemarginfalse
* (1in=72.27pt=25.4mm, 1cm=28.453pt)

LaTeX Font Info:    Trying to load font information for U+msa on input line 22.

(/usr/share/texlive/texmf-dist/tex/latex/amsfonts/umsa.fd
File: umsa.fd 2013/01/14 v3.01 AMS symbols A
)
LaTeX Font Info:    Trying to load font information for U+msb on input line 22.


(/usr/share/texlive/texmf-dist/tex/latex/amsfonts/umsb.fd
File: umsb.fd 2013/01/14 v3.01 AMS symbols B
)

[1

{/var/lib/texmf/fonts/map/pdftex/updmap/pdftex.map}]
! You can't use `macro parameter character #' in vertical mode.
l.145 #
       ### Step 1: Set Up the Integral
? 
! You can't use `macro parameter character #' in vertical mode.
l.145 ##
        ## Step 1: Set Up the Integral
? 
! You can't use `macro parameter character #' in vertical mode.
l.145 ###
         # Step 1: Set Up the Integral
? 
! You can't use `macro parameter character #' in vertical mode.
l.145 ####
           Step 1: Set Up the Integral
? 
! You can't use `macro parameter character #' in vertical mode.
l.155 #
       ### Step 2: Evaluate the Integral
? 
! You can't use `macro parameter character #' in vertical mode.
l.155 ##
        ## Step 2: Evaluate the Integral
? 
! You can't use `macro parameter character #' in vertical mode.
l.155 ###
         # Step 2: Evaluate the Integral
? 
! You can't use `macro parameter character #' in vertical mode.
l.155 ####
           Step 2: Evaluate the Integral
? 


[2]
! You can't use `macro parameter character #' in vertical mode.
l.191 #
       ### Final Answer
? 
! You can't use `macro parameter character #' in vertical mode.
l.191 ##
        ## Final Answer
? 
! You can't use `macro parameter character #' in vertical mode.
l.191 ###
         # Final Answer
? 
! You can't use `macro parameter character #' in vertical mode.
l.191 ####
           Final Answer
? 
! You can't use `macro parameter character #' in vertical mode.
l.200 #
       ### Step 1: Set Up the Integral
? 
! You can't use `macro parameter character #' in vertical mode.
l.200 ##
        ## Step 1: Set Up the Integral
? 
! You can't use `macro parameter character #' in vertical mode.
l.200 ###
         # Step 1: Set Up the Integral
? 
! You can't use `macro parameter character #' in vertical mode.
l.200 ####
           Step 1: Set Up the Integral
? 
! You can't use `macro parameter character #' in vertical mode.
l.218 #
       ### Step 2: Evaluate the Integral
? 
! You can't use `macro parameter character #' in vertical mode.
l.218 ##
        ## Step 2: Evaluate the Integral
? 
! You can't use `macro parameter character #' in vertical mode.
l.218 ###
         # Step 2: Evaluate the Integral
? 
! You can't use `macro parameter character #' in vertical mode.
l.218 ####
           Step 2: Evaluate the Integral
? 
! You can't use `macro parameter character #' in vertical mode.
l.234 #
       ### Final Answer
? 
! You can't use `macro parameter character #' in vertical mode.
l.234 ##
        ## Final Answer
? 
! You can't use `macro parameter character #' in vertical mode.
l.234 ###
         # Final Answer
? 
! You can't use `macro parameter character #' in vertical mode.
l.234 ####
           Final Answer
? 


[3]
! You can't use `macro parameter character #' in vertical mode.
l.249 #
       ### Step 1: Find Points of Intersection
? 
! You can't use `macro parameter character #' in vertical mode.
l.249 ##
        ## Step 1: Find Points of Intersection
? 
! You can't use `macro parameter character #' in vertical mode.
l.249 ###
         # Step 1: Find Points of Intersection
? 
! You can't use `macro parameter character #' in vertical mode.
l.249 ####
           Step 1: Find Points of Intersection
? 
! You can't use `macro parameter character #' in vertical mode.
l.271 #
       ### Step 2: Set Up the Integral
? 
! You can't use `macro parameter character #' in vertical mode.
l.271 ##
        ## Step 2: Set Up the Integral
? 
! You can't use `macro parameter character #' in vertical mode.
l.271 ###
         # Step 2: Set Up the Integral
? 
! You can't use `macro parameter character #' in vertical mode.
l.271 ####
           Step 2: Set Up the Integral
? 
! You can't use `macro parameter character #' in vertical mode.
l.281 #
       ### Step 3: Evaluate the Integral
? 
! You can't use `macro parameter character #' in vertical mode.
l.281 ##
        ## Step 3: Evaluate the Integral
? 
! You can't use `macro parameter character #' in vertical mode.
l.281 ###
         # Step 3: Evaluate the Integral
? 
! You can't use `macro parameter character #' in vertical mode.
l.281 ####
           Step 3: Evaluate the Integral
? 
! You can't use `macro parameter character #' in vertical mode.
l.297 #
       ### Step 4: Integrate with Respect to \( x \)
? 
! You can't use `macro parameter character #' in vertical mode.
l.297 ##
        ## Step 4: Integrate with Respect to \( x \)
? 
! You can't use `macro parameter character #' in vertical mode.
l.297 ###
         # Step 4: Integrate with Respect to \( x \)
? 
! You can't use `macro parameter character #' in vertical mode.
l.297 ####
           Step 4: Integrate with Respect to \( x \)
? 
! You can't use `macro parameter character #' in vertical mode.
l.319 #
       ### Final Answer
? 
! You can't use `macro parameter character #' in vertical mode.
l.319 ##
        ## Final Answer
? 
! You can't use `macro parameter character #' in vertical mode.
l.319 ###
         # Final Answer
? 
! You can't use `macro parameter character #' in vertical mode.
l.319 ####
           Final Answer
? 


[4]
! You can't use `macro parameter character #' in vertical mode.
l.334 #
       ### Step 1: Find Points of Intersection
? 
! You can't use `macro parameter character #' in vertical mode.
l.334 ##
        ## Step 1: Find Points of Intersection
? 
! You can't use `macro parameter character #' in vertical mode.
l.334 ###
         # Step 1: Find Points of Intersection
? 
! You can't use `macro parameter character #' in vertical mode.
l.334 ####
           Step 1: Find Points of Intersection
? 
! You can't use `macro parameter character #' in vertical mode.
l.382 #
       ### Step 2: Set Up the Integral
? 
! You can't use `macro parameter character #' in vertical mode.
l.382 ##
        ## Step 2: Set Up the Integral
? 
! You can't use `macro parameter character #' in vertical mode.
l.382 ###
         # Step 2: Set Up the Integral
? 
! You can't use `macro parameter character #' in vertical mode.
l.382 ####
           Step 2: Set Up the Integral
? 
! You can't use `macro parameter character #' in vertical mode.
l.397 #
       ### Step 3: Evaluate the Integral
? 
! You can't use `macro parameter character #' in vertical mode.
l.397 ##
        ## Step 3: Evaluate the Integral
? 
! You can't use `macro parameter character #' in vertical mode.
l.397 ###
         # Step 3: Evaluate the Integral
? 
! You can't use `macro parameter character #' in vertical mode.
l.397 ####
           Step 3: Evaluate the Integral
? 


[5]
! You can't use `macro parameter character #' in vertical mode.
l.426 #
       ### Final Answer
? 
! You can't use `macro parameter character #' in vertical mode.
l.426 ##
        ## Final Answer
? 
! You can't use `macro parameter character #' in vertical mode.
l.426 ###
         # Final Answer
? 
! You can't use `macro parameter character #' in vertical mode.
l.426 ####
           Final Answer
? 


[6]
! Missing $ inserted.
<inserted text> 
                $
l.534 
      
? 
! Display math should end with $$.
<to be read again> 
                   \tex_par:D 
l.534 
      
? 


[7]

[8]

[9]

[10]

[11]

[12]

[13]

[14]

[15]

[16]

[17]

[18]

[19]

! LaTeX Error: Bad math environment delimiter.

See the LaTeX manual or LaTeX Companion for explanation.
Type  H <return>  for immediate help.
 ...                                              
                                                  
l.1870 \]
         
? 
! Missing $ inserted.
<inserted text> 
                $
l.1870 \]
         
? 
! Display math should end with $$.
<to be read again> 
                   \endgroup 
l.1870 \]
         
? 

! LaTeX Error: Bad math environment delimiter.

See the LaTeX manual or LaTeX Companion for explanation.
Type  H <return>  for immediate help.
 ...                                              
                                                  
l.1873 \]
         
? 

! LaTeX Error: \begin{document} ended by \end{equation*}.

See the LaTeX manual or LaTeX Companion for explanation.
Type  H <return>  for immediate help.
 ...                                              
                                                  
l.1873 \]
         
? 
! Missing $ inserted.
<inserted text> 
                $
l.1873 \]
         
? 
! Display math should end with $$.
<to be read again> 
                   \endgroup 
l.1873 \]
         
? 
! Extra \endgroup.
<recently read> \endgroup 
                          
l.1873 \]
         
? 

! LaTeX Error: Bad math environment delimiter.

See the LaTeX manual or LaTeX Companion for explanation.
Type  H <return>  for immediate help.
 ...                                              
                                                  
l.1876 \]
         
? 

! LaTeX Error: \begin{document} ended by \end{equation*}.

See the LaTeX manual or LaTeX Companion for explanation.
Type  H <return>  for immediate help.
 ...                                              
                                                  
l.1876 \]
         
? 
! Missing $ inserted.
<inserted text> 
                $
l.1876 \]
         
? 
! Display math should end with $$.
<to be read again> 
                   \endgroup 
l.1876 \]
         
? 
! Extra \endgroup.
<recently read> \endgroup 
                          
l.1876 \]
         
? 


[20]

[21]

! LaTeX Error: Bad math environment delimiter.

See the LaTeX manual or LaTeX Companion for explanation.
Type  H <return>  for immediate help.
 ...                                              
                                                  
l.2103 \]
         
? 

! LaTeX Error: \begin{document} ended by \end{equation*}.

See the LaTeX manual or LaTeX Companion for explanation.
Type  H <return>  for immediate help.
 ...                                              
                                                  
l.2103 \]
         
? 
! Missing $ inserted.
<inserted text> 
                $
l.2103 \]
         
? 
! Display math should end with $$.
<to be read again> 
                   \endgroup 
l.2103 \]
         
? 
! Extra \endgroup.
<recently read> \endgroup 
                          
l.2103 \]
         
? 

! LaTeX Error: Bad math environment delimiter.

See the LaTeX manual or LaTeX Companion for explanation.
Type  H <return>  for immediate help.
 ...                                              
                                                  
l.2106 \]
         
? 

! LaTeX Error: \begin{document} ended by \end{equation*}.

See the LaTeX manual or LaTeX Companion for explanation.
Type  H <return>  for immediate help.
 ...                                              
                                                  
l.2106 \]
         
? 
! Missing $ inserted.
<inserted text> 
                $
l.2106 \]
         
? 
! Display math should end with $$.
<to be read again> 
                   \endgroup 
l.2106 \]
         
? 
! Extra \endgroup.
<recently read> \endgroup 
                          
l.2106 \]
         
? 

! LaTeX Error: Bad math environment delimiter.

See the LaTeX manual or LaTeX Companion for explanation.
Type  H <return>  for immediate help.
 ...                                              
                                                  
l.2109 \]
         
? 

! LaTeX Error: \begin{document} ended by \end{equation*}.

See the LaTeX manual or LaTeX Companion for explanation.
Type  H <return>  for immediate help.
 ...                                              
                                                  
l.2109 \]
         
? 
! Missing $ inserted.
<inserted text> 
                $
l.2109 \]
         
? 
! Display math should end with $$.
<to be read again> 
                   \endgroup 
l.2109 \]
         
? 
! Extra \endgroup.
<recently read> \endgroup 
                          
l.2109 \]
         
? 

! LaTeX Error: Bad math environment delimiter.

See the LaTeX manual or LaTeX Companion for explanation.
Type  H <return>  for immediate help.
 ...                                              
                                                  
l.2112 \]
         
? 

! LaTeX Error: \begin{document} ended by \end{equation*}.

See the LaTeX manual or LaTeX Companion for explanation.
Type  H <return>  for immediate help.
 ...                                              
                                                  
l.2112 \]
         
? 
! Missing $ inserted.
<inserted text> 
                $
l.2112 \]
         
? 
! Display math should end with $$.
<to be read again> 
                   \endgroup 
l.2112 \]
         
? 
! Extra \endgroup.
<recently read> \endgroup 
                          
l.2112 \]
         
? 

! LaTeX Error: Bad math environment delimiter.

See the LaTeX manual or LaTeX Companion for explanation.
Type  H <return>  for immediate help.
 ...                                              
                                                  
l.2115 \]
         
? 

! LaTeX Error: \begin{document} ended by \end{equation*}.

See the LaTeX manual or LaTeX Companion for explanation.
Type  H <return>  for immediate help.
 ...                                              
                                                  
l.2115 \]
         
? 
! Missing $ inserted.
<inserted text> 
                $
l.2115 \]
         
? 
! Display math should end with $$.
<to be read again> 
                   \endgroup 
l.2115 \]
         
? 
! Extra \endgroup.
<recently read> \endgroup 
                          
l.2115 \]
         
? 


[22]

[23]

[24]

! LaTeX Error: Bad math environment delimiter.

See the LaTeX manual or LaTeX Companion for explanation.
Type  H <return>  for immediate help.
 ...                                              
                                                  
l.2441 \]
         
? 

! LaTeX Error: \begin{document} ended by \end{equation*}.

See the LaTeX manual or LaTeX Companion for explanation.
Type  H <return>  for immediate help.
 ...                                              
                                                  
l.2441 \]
         
? 
! Missing $ inserted.
<inserted text> 
                $
l.2441 \]
         
? 
! Display math should end with $$.
<to be read again> 
                   \endgroup 
l.2441 \]
         
? 
! Extra \endgroup.
<recently read> \endgroup 
                          
l.2441 \]
         
? 

! LaTeX Error: Bad math environment delimiter.

See the LaTeX manual or LaTeX Companion for explanation.
Type  H <return>  for immediate help.
 ...                                              
                                                  
l.2444 \]
         
? 

! LaTeX Error: \begin{document} ended by \end{equation*}.

See the LaTeX manual or LaTeX Companion for explanation.
Type  H <return>  for immediate help.
 ...                                              
                                                  
l.2444 \]
         
? 
! Missing $ inserted.
<inserted text> 
                $
l.2444 \]
         
? 
! Display math should end with $$.
<to be read again> 
                   \endgroup 
l.2444 \]
         
? 
! Extra \endgroup.
<recently read> \endgroup 
                          
l.2444 \]
         
? 

! LaTeX Error: Bad math environment delimiter.

See the LaTeX manual or LaTeX Companion for explanation.
Type  H <return>  for immediate help.
 ...                                              
                                                  
l.2447 \]
         
? 

! LaTeX Error: \begin{document} ended by \end{equation*}.

See the LaTeX manual or LaTeX Companion for explanation.
Type  H <return>  for immediate help.
 ...                                              
                                                  
l.2447 \]
         
? 
! Missing $ inserted.
<inserted text> 
                $
l.2447 \]
         
? 
! Display math should end with $$.
<to be read again> 
                   \endgroup 
l.2447 \]
         
? 
! Extra \endgroup.
<recently read> \endgroup 
                          
l.2447 \]
         
? 

! LaTeX Error: Bad math environment delimiter.

See the LaTeX manual or LaTeX Companion for explanation.
Type  H <return>  for immediate help.
 ...                                              
                                                  
l.2450 \]
         
? 

! LaTeX Error: \begin{document} ended by \end{equation*}.

See the LaTeX manual or LaTeX Companion for explanation.
Type  H <return>  for immediate help.
 ...                                              
                                                  
l.2450 \]
         
? 
! Missing $ inserted.
<inserted text> 
                $
l.2450 \]
         
? 
! Display math should end with $$.
<to be read again> 
                   \endgroup 
l.2450 \]
         
? 
! Extra \endgroup.
<recently read> \endgroup 
                          
l.2450 \]
         
? 

! LaTeX Error: Bad math environment delimiter.

See the LaTeX manual or LaTeX Companion for explanation.
Type  H <return>  for immediate help.
 ...                                              
                                                  
l.2453 \]
         
? 

! LaTeX Error: \begin{document} ended by \end{equation*}.

See the LaTeX manual or LaTeX Companion for explanation.
Type  H <return>  for immediate help.
 ...                                              
                                                  
l.2453 \]
         
? 
! Missing $ inserted.
<inserted text> 
                $
l.2453 \]
         
? 
! Display math should end with $$.
<to be read again> 
                   \endgroup 
l.2453 \]
         
? 
! Extra \endgroup.
<recently read> \endgroup 
                          
l.2453 \]
         
? 

! LaTeX Error: Bad math environment delimiter.

See the LaTeX manual or LaTeX Companion for explanation.
Type  H <return>  for immediate help.
 ...                                              
                                                  
l.2517 \]
         
? 

! LaTeX Error: \begin{document} ended by \end{equation*}.

See the LaTeX manual or LaTeX Companion for explanation.
Type  H <return>  for immediate help.
 ...                                              
                                                  
l.2517 \]
         
? 
! Missing $ inserted.
<inserted text> 
                $
l.2517 \]
         
? 
! Display math should end with $$.
<to be read again> 
                   \endgroup 
l.2517 \]
         
? 
! Extra \endgroup.
<recently read> \endgroup 
                          
l.2517 \]
         
? 


[25] (./ENGINEERING_MATHS_SOL.aux)
 ***********
LaTeX2e <2024-06-01> patch level 2
L3 programming layer <2024-08-16>
 ***********
 ) 
Here is how much of TeX's memory you used:
 2486 strings out of 473579
 35728 string characters out of 5730778
 1947957 words of memory out of 5000000
 25398 multiletter control sequences out of 15000+600000
 565932 words of font info for 67 fonts, out of 8000000 for 9000
 1141 hyphenation exceptions out of 8191
 57i,12n,65p,301b,259s stack positions out of 10000i,1000n,20000p,200000b,200000s
</usr/share/texlive/texmf-dist/fonts/type1/public/amsfonts/cm/cmbx10.pfb></us
r/share/texlive/texmf-dist/fonts/type1/public/amsfonts/cm/cmbx12.pfb></usr/shar
e/texlive/texmf-dist/fonts/type1/public/amsfonts/cm/cmex10.pfb></usr/share/texl
ive/texmf-dist/fonts/type1/public/amsfonts/cm/cmmi10.pfb></usr/share/texlive/te
xmf-dist/fonts/type1/public/amsfonts/cm/cmmi12.pfb></usr/share/texlive/texmf-di
st/fonts/type1/public/amsfonts/cm/cmmi5.pfb></usr/share/texlive/texmf-dist/font
s/type1/public/amsfonts/cm/cmmi7.pfb></usr/share/texlive/texmf-dist/fonts/type1
/public/amsfonts/cm/cmr10.pfb></usr/share/texlive/texmf-dist/fonts/type1/public
/amsfonts/cm/cmr12.pfb></usr/share/texlive/texmf-dist/fonts/type1/public/amsfon
ts/cm/cmr17.pfb></usr/share/texlive/texmf-dist/fonts/type1/public/amsfonts/cm/c
mr5.pfb></usr/share/texlive/texmf-dist/fonts/type1/public/amsfonts/cm/cmr7.pfb>
</usr/share/texlive/texmf-dist/fonts/type1/public/amsfonts/cm/cmr8.pfb></usr/sh
are/texlive/texmf-dist/fonts/type1/public/amsfonts/cm/cmsy10.pfb></usr/share/te
xlive/texmf-dist/fonts/type1/public/amsfonts/cm/cmsy5.pfb></usr/share/texlive/t
exmf-dist/fonts/type1/public/amsfonts/cm/cmsy7.pfb>
Output written on ENGINEERING_MATHS_SOL.pdf (25 pages, 260228 bytes).
PDF statistics:
 166 PDF objects out of 1000 (max. 8388607)
 105 compressed objects within 2 object streams
 0 named destinations out of 1000 (max. 500000)
 1 words of extra memory for PDF output out of 10000 (max. 10000000)

